<?xml version="1.0" encoding="UTF-8"?>
<testsuite name="advpro.uts.collections.doublylinkedlist.DoublyLinkedListTest" tests="10" skipped="0" failures="0" errors="0" timestamp="2022-03-29T09:02:58" hostname="ALPHAONE" time="0.023">
  <properties/>
  <testcase name="removeLastElement()" classname="advpro.uts.collections.doublylinkedlist.DoublyLinkedListTest" time="0.002"/>
  <testcase name="addFirst()" classname="advpro.uts.collections.doublylinkedlist.DoublyLinkedListTest" time="0.001"/>
  <testcase name="testClear()" classname="advpro.uts.collections.doublylinkedlist.DoublyLinkedListTest" time="0.001"/>
  <testcase name="addLast()" classname="advpro.uts.collections.doublylinkedlist.DoublyLinkedListTest" time="0.0"/>
  <testcase name="removeSecondElement()" classname="advpro.uts.collections.doublylinkedlist.DoublyLinkedListTest" time="0.0"/>
  <testcase name="getSize()" classname="advpro.uts.collections.doublylinkedlist.DoublyLinkedListTest" time="0.001"/>
  <testcase name="getWithIndexShouldReturnRightElement()" classname="advpro.uts.collections.doublylinkedlist.DoublyLinkedListTest" time="0.001"/>
  <testcase name="getWithIndexShouldThrowOutOfBoundException()" classname="advpro.uts.collections.doublylinkedlist.DoublyLinkedListTest" time="0.003"/>
  <testcase name="removeFirstElement()" classname="advpro.uts.collections.doublylinkedlist.DoublyLinkedListTest" time="0.001"/>
  <testcase name="reverseIterate()" classname="advpro.uts.collections.doublylinkedlist.DoublyLinkedListTest" time="0.001"/>
  <system-out><![CDATA[]]></system-out>
  <system-err><![CDATA[]]></system-err>
</testsuite>
